Traceback (most recent call last):
  File "/Users/jfoley19/miniconda3/envs/jbook/lib/python3.11/site-packages/jupyter_cache/executors/utils.py", line 58, in single_nb_execution
    executenb(
  File "/Users/jfoley19/miniconda3/envs/jbook/lib/python3.11/site-packages/nbclient/client.py", line 1319, in execute
    return NotebookClient(nb=nb, resources=resources, km=km, **kwargs).execute()
           ^^^^^^^^^^^^^^^^^^^^^^^^^^^^^^^^^^^^^^^^^^^^^^^^^^^^^^^^^^^^^^^^^^^^^
  File "/Users/jfoley19/miniconda3/envs/jbook/lib/python3.11/site-packages/jupyter_core/utils/__init__.py", line 165, in wrapped
    return loop.run_until_complete(inner)
           ^^^^^^^^^^^^^^^^^^^^^^^^^^^^^^
  File "/Users/jfoley19/miniconda3/envs/jbook/lib/python3.11/asyncio/base_events.py", line 650, in run_until_complete
    return future.result()
           ^^^^^^^^^^^^^^^
  File "/Users/jfoley19/miniconda3/envs/jbook/lib/python3.11/contextlib.py", line 222, in __aexit__
    await self.gen.athrow(typ, value, traceback)
  File "/Users/jfoley19/miniconda3/envs/jbook/lib/python3.11/site-packages/nbclient/client.py", line 654, in async_setup_kernel
    yield
  File "/Users/jfoley19/miniconda3/envs/jbook/lib/python3.11/site-packages/nbclient/client.py", line 709, in async_execute
    await self.async_execute_cell(
  File "/Users/jfoley19/miniconda3/envs/jbook/lib/python3.11/site-packages/nbclient/client.py", line 1062, in async_execute_cell
    await self._check_raise_for_error(cell, cell_index, exec_reply)
  File "/Users/jfoley19/miniconda3/envs/jbook/lib/python3.11/site-packages/nbclient/client.py", line 918, in _check_raise_for_error
    raise CellExecutionError.from_cell_and_msg(cell, exec_reply_content)
nbclient.exceptions.CellExecutionError: An error occurred while executing the following cell:
------------------
# equilbirum bond length
hf_potential = np.copy(pyscf_hf_potential)
idx = np.argmin(hf_potential)
x_e = x[idx]

# k = d^2 V(x) / dx^2
k = (hf_potential[idx+1] - 2.0 * hf_potential[idx] + hf_potential[idx-1]) / dx**2

# harmonic potential
harmonic = 0.5 * k * (x-x_e)**2

plt.figure()
plt.plot(x, hf_potential, label='Hartree-Fock')
plt.plot(x, harmonic, label='harmonic')
plt.xlim(x[0], x[-1])
plt.ylim(0, 0.2)
plt.ylabel('potential')
plt.xlabel('H-H distance')
plt.legend()
plt.show()
------------------


[31m---------------------------------------------------------------------------[39m
[31mNameError[39m                                 Traceback (most recent call last)
[36mCell[39m[36m [39m[32mIn[3][39m[32m, line 2[39m
[32m      1[39m [38;5;66;03m# equilbirum bond length[39;00m
[32m----> [39m[32m2[39m hf_potential = np.copy(pyscf_hf_potential)
[32m      3[39m idx = np.argmin(hf_potential)
[32m      4[39m x_e = x[idx]

[31mNameError[39m: name 'pyscf_hf_potential' is not defined

