Traceback (most recent call last):
  File "/Users/jfoley19/miniconda3/envs/jbook/lib/python3.11/site-packages/jupyter_cache/executors/utils.py", line 58, in single_nb_execution
    executenb(
  File "/Users/jfoley19/miniconda3/envs/jbook/lib/python3.11/site-packages/nbclient/client.py", line 1319, in execute
    return NotebookClient(nb=nb, resources=resources, km=km, **kwargs).execute()
           ^^^^^^^^^^^^^^^^^^^^^^^^^^^^^^^^^^^^^^^^^^^^^^^^^^^^^^^^^^^^^^^^^^^^^
  File "/Users/jfoley19/miniconda3/envs/jbook/lib/python3.11/site-packages/jupyter_core/utils/__init__.py", line 165, in wrapped
    return loop.run_until_complete(inner)
           ^^^^^^^^^^^^^^^^^^^^^^^^^^^^^^
  File "/Users/jfoley19/miniconda3/envs/jbook/lib/python3.11/asyncio/base_events.py", line 650, in run_until_complete
    return future.result()
           ^^^^^^^^^^^^^^^
  File "/Users/jfoley19/miniconda3/envs/jbook/lib/python3.11/contextlib.py", line 222, in __aexit__
    await self.gen.athrow(typ, value, traceback)
  File "/Users/jfoley19/miniconda3/envs/jbook/lib/python3.11/site-packages/nbclient/client.py", line 654, in async_setup_kernel
    yield
  File "/Users/jfoley19/miniconda3/envs/jbook/lib/python3.11/site-packages/nbclient/client.py", line 709, in async_execute
    await self.async_execute_cell(
  File "/Users/jfoley19/miniconda3/envs/jbook/lib/python3.11/site-packages/nbclient/client.py", line 1062, in async_execute_cell
    await self._check_raise_for_error(cell, cell_index, exec_reply)
  File "/Users/jfoley19/miniconda3/envs/jbook/lib/python3.11/site-packages/nbclient/client.py", line 918, in _check_raise_for_error
    raise CellExecutionError.from_cell_and_msg(cell, exec_reply_content)
nbclient.exceptions.CellExecutionError: An error occurred while executing the following cell:
------------------
def evaluate_Morse(r, De, beta, r_eq):
    """ Helper function to evaluate the Morse potential at a given value of r

    Arguments
    ---------
    r : float
        value(s) of r to evaluate potential at

    De : float
        dissociation energy of the Morse oscillator

    beta : float
        related to the curvature of the Morse oscillator

    r_eq : float
        equilibrium bondlength of the Morse oscillator

    Returns
    -------
    V_m : float
        value of the Morse potential at value(s) of r

    """
    # <== inert code to compute Morse Oscillator potential and store to V_M
    return V_M


# array of bondlength values
r = np.linspace(0.2, 2.5 * r_eq_au, 20)

# array of Morse potential values
V_Morse = evaluate_Morse(r, De_au, beta_au, r_eq_au)
------------------


[31m---------------------------------------------------------------------------[39m
[31mNameError[39m                                 Traceback (most recent call last)
[36mCell[39m[36m [39m[32mIn[4][39m[32m, line 32[39m
[32m     29[39m r = np.linspace([32m0.2[39m, [32m2.5[39m * r_eq_au, [32m20[39m)
[32m     31[39m [38;5;66;03m# array of Morse potential values[39;00m
[32m---> [39m[32m32[39m V_Morse = evaluate_Morse(r, De_au, beta_au, r_eq_au)

[36mCell[39m[36m [39m[32mIn[4][39m[32m, line 25[39m, in [36mevaluate_Morse[39m[34m(r, De, beta, r_eq)[39m
[32m      2[39m [38;5;250m[39m[33;03m""" Helper function to evaluate the Morse potential at a given value of r[39;00m
[32m      3[39m 
[32m      4[39m [33;03mArguments[39;00m
[32m   (...)[39m[32m     22[39m 
[32m     23[39m [33;03m"""[39;00m
[32m     24[39m [38;5;66;03m# <== inert code to compute Morse Oscillator potential and store to V_M[39;00m
[32m---> [39m[32m25[39m [38;5;28;01mreturn[39;00m V_M

[31mNameError[39m: name 'V_M' is not defined

